[2022-07-21 09:18:50,613] INFO Reading configuration from: ../config/zookeeper.properties (org.apache.zookeeper.server.quorum.QuorumPeerConfig)
[2022-07-21 09:18:50,615] WARN ../config/zookeeper.properties is relative. Prepend ./ to indicate that you're sure! (org.apache.zookeeper.server.quorum.QuorumPeerConfig)
[2022-07-21 09:18:50,629] INFO clientPortAddress is 0.0.0.0:2181 (org.apache.zookeeper.server.quorum.QuorumPeerConfig)
[2022-07-21 09:18:50,629] INFO secureClientPort is not set (org.apache.zookeeper.server.quorum.QuorumPeerConfig)
[2022-07-21 09:18:50,629] INFO observerMasterPort is not set (org.apache.zookeeper.server.quorum.QuorumPeerConfig)
[2022-07-21 09:18:50,629] INFO metricsProvider.className is org.apache.zookeeper.metrics.impl.DefaultMetricsProvider (org.apache.zookeeper.server.quorum.QuorumPeerConfig)
[2022-07-21 09:18:50,631] INFO autopurge.snapRetainCount set to 3 (org.apache.zookeeper.server.DatadirCleanupManager)
[2022-07-21 09:18:50,631] INFO autopurge.purgeInterval set to 0 (org.apache.zookeeper.server.DatadirCleanupManager)
[2022-07-21 09:18:50,631] INFO Purge task is not scheduled. (org.apache.zookeeper.server.DatadirCleanupManager)
[2022-07-21 09:18:50,631] WARN Either no config or no quorum defined in config, running in standalone mode (org.apache.zookeeper.server.quorum.QuorumPeerMain)
[2022-07-21 09:18:50,632] INFO Log4j 1.2 jmx support not found; jmx disabled. (org.apache.zookeeper.jmx.ManagedUtil)
[2022-07-21 09:18:50,633] INFO Reading configuration from: ../config/zookeeper.properties (org.apache.zookeeper.server.quorum.QuorumPeerConfig)
[2022-07-21 09:18:50,633] WARN ../config/zookeeper.properties is relative. Prepend ./ to indicate that you're sure! (org.apache.zookeeper.server.quorum.QuorumPeerConfig)
[2022-07-21 09:18:50,633] INFO clientPortAddress is 0.0.0.0:2181 (org.apache.zookeeper.server.quorum.QuorumPeerConfig)
[2022-07-21 09:18:50,633] INFO secureClientPort is not set (org.apache.zookeeper.server.quorum.QuorumPeerConfig)
[2022-07-21 09:18:50,633] INFO observerMasterPort is not set (org.apache.zookeeper.server.quorum.QuorumPeerConfig)
[2022-07-21 09:18:50,634] INFO metricsProvider.className is org.apache.zookeeper.metrics.impl.DefaultMetricsProvider (org.apache.zookeeper.server.quorum.QuorumPeerConfig)
[2022-07-21 09:18:50,634] INFO Starting server (org.apache.zookeeper.server.ZooKeeperServerMain)
[2022-07-21 09:18:50,652] INFO ServerMetrics initialized with provider org.apache.zookeeper.metrics.impl.DefaultMetricsProvider@4ef37659 (org.apache.zookeeper.server.ServerMetrics)
[2022-07-21 09:18:50,656] INFO zookeeper.snapshot.trust.empty : false (org.apache.zookeeper.server.persistence.FileTxnSnapLog)
[2022-07-21 09:18:50,666] INFO  (org.apache.zookeeper.server.ZooKeeperServer)
[2022-07-21 09:18:50,666] INFO   ______                  _                                           (org.apache.zookeeper.server.ZooKeeperServer)
[2022-07-21 09:18:50,666] INFO  |___  /                 | |                                          (org.apache.zookeeper.server.ZooKeeperServer)
[2022-07-21 09:18:50,666] INFO     / /    ___     ___   | | __   ___    ___   _ __     ___   _ __    (org.apache.zookeeper.server.ZooKeeperServer)
[2022-07-21 09:18:50,666] INFO    / /    / _ \   / _ \  | |/ /  / _ \  / _ \ | '_ \   / _ \ | '__| (org.apache.zookeeper.server.ZooKeeperServer)
[2022-07-21 09:18:50,666] INFO   / /__  | (_) | | (_) | |   <  |  __/ |  __/ | |_) | |  __/ | |     (org.apache.zookeeper.server.ZooKeeperServer)
[2022-07-21 09:18:50,666] INFO  /_____|  \___/   \___/  |_|\_\  \___|  \___| | .__/   \___| |_| (org.apache.zookeeper.server.ZooKeeperServer)
[2022-07-21 09:18:50,666] INFO                                               | |                      (org.apache.zookeeper.server.ZooKeeperServer)
[2022-07-21 09:18:50,666] INFO                                               |_|                      (org.apache.zookeeper.server.ZooKeeperServer)
[2022-07-21 09:18:50,666] INFO  (org.apache.zookeeper.server.ZooKeeperServer)
[2022-07-21 09:18:50,668] INFO Server environment:zookeeper.version=3.6.3--6401e4ad2087061bc6b9f80dec2d69f2e3c8660a, built on 04/08/2021 16:35 GMT (org.apache.zookeeper.server.ZooKeeperServer)
[2022-07-21 09:18:50,668] INFO Server environment:host.name=localhost (org.apache.zookeeper.server.ZooKeeperServer)
[2022-07-21 09:18:50,668] INFO Server environment:java.version=11.0.10 (org.apache.zookeeper.server.ZooKeeperServer)
[2022-07-21 09:18:50,668] INFO Server environment:java.vendor=Oracle Corporation (org.apache.zookeeper.server.ZooKeeperServer)
[2022-07-21 09:18:50,668] INFO Server environment:java.home=/Library/Java/JavaVirtualMachines/jdk-11.0.10.jdk/Contents/Home (org.apache.zookeeper.server.ZooKeeperServer)
[2022-07-21 09:18:50,668] INFO Server environment:java.class.path=/users/sarah/development/cs-2022-us-3/kafka_2.13-3.2.0/bin/../libs/activation-1.1.1.jar:/users/sarah/development/cs-2022-us-3/kafka_2.13-3.2.0/bin/../libs/aopalliance-repackaged-2.6.1.jar:/users/sarah/development/cs-2022-us-3/kafka_2.13-3.2.0/bin/../libs/argparse4j-0.7.0.jar:/users/sarah/development/cs-2022-us-3/kafka_2.13-3.2.0/bin/../libs/audience-annotations-0.5.0.jar:/users/sarah/development/cs-2022-us-3/kafka_2.13-3.2.0/bin/../libs/commons-cli-1.4.jar:/users/sarah/development/cs-2022-us-3/kafka_2.13-3.2.0/bin/../libs/commons-lang3-3.8.1.jar:/users/sarah/development/cs-2022-us-3/kafka_2.13-3.2.0/bin/../libs/connect-api-3.2.0.jar:/users/sarah/development/cs-2022-us-3/kafka_2.13-3.2.0/bin/../libs/connect-basic-auth-extension-3.2.0.jar:/users/sarah/development/cs-2022-us-3/kafka_2.13-3.2.0/bin/../libs/connect-json-3.2.0.jar:/users/sarah/development/cs-2022-us-3/kafka_2.13-3.2.0/bin/../libs/connect-mirror-3.2.0.jar:/users/sarah/development/cs-2022-us-3/kafka_2.13-3.2.0/bin/../libs/connect-mirror-client-3.2.0.jar:/users/sarah/development/cs-2022-us-3/kafka_2.13-3.2.0/bin/../libs/connect-runtime-3.2.0.jar:/users/sarah/development/cs-2022-us-3/kafka_2.13-3.2.0/bin/../libs/connect-transforms-3.2.0.jar:/users/sarah/development/cs-2022-us-3/kafka_2.13-3.2.0/bin/../libs/hk2-api-2.6.1.jar:/users/sarah/development/cs-2022-us-3/kafka_2.13-3.2.0/bin/../libs/hk2-locator-2.6.1.jar:/users/sarah/development/cs-2022-us-3/kafka_2.13-3.2.0/bin/../libs/hk2-utils-2.6.1.jar:/users/sarah/development/cs-2022-us-3/kafka_2.13-3.2.0/bin/../libs/jackson-annotations-2.12.6.jar:/users/sarah/development/cs-2022-us-3/kafka_2.13-3.2.0/bin/../libs/jackson-core-2.12.6.jar:/users/sarah/development/cs-2022-us-3/kafka_2.13-3.2.0/bin/../libs/jackson-databind-2.12.6.1.jar:/users/sarah/development/cs-2022-us-3/kafka_2.13-3.2.0/bin/../libs/jackson-dataformat-csv-2.12.6.jar:/users/sarah/development/cs-2022-us-3/kafka_2.13-3.2.0/bin/../libs/jackson-datatype-jdk8-2.12.6.jar:/users/sarah/development/cs-2022-us-3/kafka_2.13-3.2.0/bin/../libs/jackson-jaxrs-base-2.12.6.jar:/users/sarah/development/cs-2022-us-3/kafka_2.13-3.2.0/bin/../libs/jackson-jaxrs-json-provider-2.12.6.jar:/users/sarah/development/cs-2022-us-3/kafka_2.13-3.2.0/bin/../libs/jackson-module-jaxb-annotations-2.12.6.jar:/users/sarah/development/cs-2022-us-3/kafka_2.13-3.2.0/bin/../libs/jackson-module-scala_2.13-2.12.6.jar:/users/sarah/development/cs-2022-us-3/kafka_2.13-3.2.0/bin/../libs/jakarta.activation-api-1.2.1.jar:/users/sarah/development/cs-2022-us-3/kafka_2.13-3.2.0/bin/../libs/jakarta.annotation-api-1.3.5.jar:/users/sarah/development/cs-2022-us-3/kafka_2.13-3.2.0/bin/../libs/jakarta.inject-2.6.1.jar:/users/sarah/development/cs-2022-us-3/kafka_2.13-3.2.0/bin/../libs/jakarta.validation-api-2.0.2.jar:/users/sarah/development/cs-2022-us-3/kafka_2.13-3.2.0/bin/../libs/jakarta.ws.rs-api-2.1.6.jar:/users/sarah/development/cs-2022-us-3/kafka_2.13-3.2.0/bin/../libs/jakarta.xml.bind-api-2.3.2.jar:/users/sarah/development/cs-2022-us-3/kafka_2.13-3.2.0/bin/../libs/javassist-3.27.0-GA.jar:/users/sarah/development/cs-2022-us-3/kafka_2.13-3.2.0/bin/../libs/javax.servlet-api-3.1.0.jar:/users/sarah/development/cs-2022-us-3/kafka_2.13-3.2.0/bin/../libs/javax.ws.rs-api-2.1.1.jar:/users/sarah/development/cs-2022-us-3/kafka_2.13-3.2.0/bin/../libs/jaxb-api-2.3.0.jar:/users/sarah/development/cs-2022-us-3/kafka_2.13-3.2.0/bin/../libs/jersey-client-2.34.jar:/users/sarah/development/cs-2022-us-3/kafka_2.13-3.2.0/bin/../libs/jersey-common-2.34.jar:/users/sarah/development/cs-2022-us-3/kafka_2.13-3.2.0/bin/../libs/jersey-container-servlet-2.34.jar:/users/sarah/development/cs-2022-us-3/kafka_2.13-3.2.0/bin/../libs/jersey-container-servlet-core-2.34.jar:/users/sarah/development/cs-2022-us-3/kafka_2.13-3.2.0/bin/../libs/jersey-hk2-2.34.jar:/users/sarah/development/cs-2022-us-3/kafka_2.13-3.2.0/bin/../libs/jersey-server-2.34.jar:/users/sarah/development/cs-2022-us-3/kafka_2.13-3.2.0/bin/../libs/jetty-client-9.4.44.v20210927.jar:/users/sarah/development/cs-2022-us-3/kafka_2.13-3.2.0/bin/../libs/jetty-continuation-9.4.44.v20210927.jar:/users/sarah/development/cs-2022-us-3/kafka_2.13-3.2.0/bin/../libs/jetty-http-9.4.44.v20210927.jar:/users/sarah/development/cs-2022-us-3/kafka_2.13-3.2.0/bin/../libs/jetty-io-9.4.44.v20210927.jar:/users/sarah/development/cs-2022-us-3/kafka_2.13-3.2.0/bin/../libs/jetty-security-9.4.44.v20210927.jar:/users/sarah/development/cs-2022-us-3/kafka_2.13-3.2.0/bin/../libs/jetty-server-9.4.44.v20210927.jar:/users/sarah/development/cs-2022-us-3/kafka_2.13-3.2.0/bin/../libs/jetty-servlet-9.4.44.v20210927.jar:/users/sarah/development/cs-2022-us-3/kafka_2.13-3.2.0/bin/../libs/jetty-servlets-9.4.44.v20210927.jar:/users/sarah/development/cs-2022-us-3/kafka_2.13-3.2.0/bin/../libs/jetty-util-9.4.44.v20210927.jar:/users/sarah/development/cs-2022-us-3/kafka_2.13-3.2.0/bin/../libs/jetty-util-ajax-9.4.44.v20210927.jar:/users/sarah/development/cs-2022-us-3/kafka_2.13-3.2.0/bin/../libs/jline-3.21.0.jar:/users/sarah/development/cs-2022-us-3/kafka_2.13-3.2.0/bin/../libs/jopt-simple-5.0.4.jar:/users/sarah/development/cs-2022-us-3/kafka_2.13-3.2.0/bin/../libs/jose4j-0.7.9.jar:/users/sarah/development/cs-2022-us-3/kafka_2.13-3.2.0/bin/../libs/kafka-clients-3.2.0.jar:/users/sarah/development/cs-2022-us-3/kafka_2.13-3.2.0/bin/../libs/kafka-log4j-appender-3.2.0.jar:/users/sarah/development/cs-2022-us-3/kafka_2.13-3.2.0/bin/../libs/kafka-metadata-3.2.0.jar:/users/sarah/development/cs-2022-us-3/kafka_2.13-3.2.0/bin/../libs/kafka-raft-3.2.0.jar:/users/sarah/development/cs-2022-us-3/kafka_2.13-3.2.0/bin/../libs/kafka-server-common-3.2.0.jar:/users/sarah/development/cs-2022-us-3/kafka_2.13-3.2.0/bin/../libs/kafka-shell-3.2.0.jar:/users/sarah/development/cs-2022-us-3/kafka_2.13-3.2.0/bin/../libs/kafka-storage-3.2.0.jar:/users/sarah/development/cs-2022-us-3/kafka_2.13-3.2.0/bin/../libs/kafka-storage-api-3.2.0.jar:/users/sarah/development/cs-2022-us-3/kafka_2.13-3.2.0/bin/../libs/kafka-streams-3.2.0.jar:/users/sarah/development/cs-2022-us-3/kafka_2.13-3.2.0/bin/../libs/kafka-streams-examples-3.2.0.jar:/users/sarah/development/cs-2022-us-3/kafka_2.13-3.2.0/bin/../libs/kafka-streams-scala_2.13-3.2.0.jar:/users/sarah/development/cs-2022-us-3/kafka_2.13-3.2.0/bin/../libs/kafka-streams-test-utils-3.2.0.jar:/users/sarah/development/cs-2022-us-3/kafka_2.13-3.2.0/bin/../libs/kafka-tools-3.2.0.jar:/users/sarah/development/cs-2022-us-3/kafka_2.13-3.2.0/bin/../libs/kafka_2.13-3.2.0.jar:/users/sarah/development/cs-2022-us-3/kafka_2.13-3.2.0/bin/../libs/lz4-java-1.8.0.jar:/users/sarah/development/cs-2022-us-3/kafka_2.13-3.2.0/bin/../libs/maven-artifact-3.8.4.jar:/users/sarah/development/cs-2022-us-3/kafka_2.13-3.2.0/bin/../libs/metrics-core-2.2.0.jar:/users/sarah/development/cs-2022-us-3/kafka_2.13-3.2.0/bin/../libs/metrics-core-4.1.12.1.jar:/users/sarah/development/cs-2022-us-3/kafka_2.13-3.2.0/bin/../libs/netty-buffer-4.1.73.Final.jar:/users/sarah/development/cs-2022-us-3/kafka_2.13-3.2.0/bin/../libs/netty-codec-4.1.73.Final.jar:/users/sarah/development/cs-2022-us-3/kafka_2.13-3.2.0/bin/../libs/netty-common-4.1.73.Final.jar:/users/sarah/development/cs-2022-us-3/kafka_2.13-3.2.0/bin/../libs/netty-handler-4.1.73.Final.jar:/users/sarah/development/cs-2022-us-3/kafka_2.13-3.2.0/bin/../libs/netty-resolver-4.1.73.Final.jar:/users/sarah/development/cs-2022-us-3/kafka_2.13-3.2.0/bin/../libs/netty-tcnative-classes-2.0.46.Final.jar:/users/sarah/development/cs-2022-us-3/kafka_2.13-3.2.0/bin/../libs/netty-transport-4.1.73.Final.jar:/users/sarah/development/cs-2022-us-3/kafka_2.13-3.2.0/bin/../libs/netty-transport-classes-epoll-4.1.73.Final.jar:/users/sarah/development/cs-2022-us-3/kafka_2.13-3.2.0/bin/../libs/netty-transport-native-epoll-4.1.73.Final.jar:/users/sarah/development/cs-2022-us-3/kafka_2.13-3.2.0/bin/../libs/netty-transport-native-unix-common-4.1.73.Final.jar:/users/sarah/development/cs-2022-us-3/kafka_2.13-3.2.0/bin/../libs/osgi-resource-locator-1.0.3.jar:/users/sarah/development/cs-2022-us-3/kafka_2.13-3.2.0/bin/../libs/paranamer-2.8.jar:/users/sarah/development/cs-2022-us-3/kafka_2.13-3.2.0/bin/../libs/plexus-utils-3.3.0.jar:/users/sarah/development/cs-2022-us-3/kafka_2.13-3.2.0/bin/../libs/reflections-0.9.12.jar:/users/sarah/development/cs-2022-us-3/kafka_2.13-3.2.0/bin/../libs/reload4j-1.2.19.jar:/users/sarah/development/cs-2022-us-3/kafka_2.13-3.2.0/bin/../libs/rocksdbjni-6.29.4.1.jar:/users/sarah/development/cs-2022-us-3/kafka_2.13-3.2.0/bin/../libs/scala-collection-compat_2.13-2.6.0.jar:/users/sarah/development/cs-2022-us-3/kafka_2.13-3.2.0/bin/../libs/scala-java8-compat_2.13-1.0.2.jar:/users/sarah/development/cs-2022-us-3/kafka_2.13-3.2.0/bin/../libs/scala-library-2.13.8.jar:/users/sarah/development/cs-2022-us-3/kafka_2.13-3.2.0/bin/../libs/scala-logging_2.13-3.9.4.jar:/users/sarah/development/cs-2022-us-3/kafka_2.13-3.2.0/bin/../libs/scala-reflect-2.13.8.jar:/users/sarah/development/cs-2022-us-3/kafka_2.13-3.2.0/bin/../libs/slf4j-api-1.7.36.jar:/users/sarah/development/cs-2022-us-3/kafka_2.13-3.2.0/bin/../libs/slf4j-reload4j-1.7.36.jar:/users/sarah/development/cs-2022-us-3/kafka_2.13-3.2.0/bin/../libs/snappy-java-1.1.8.4.jar:/users/sarah/development/cs-2022-us-3/kafka_2.13-3.2.0/bin/../libs/trogdor-3.2.0.jar:/users/sarah/development/cs-2022-us-3/kafka_2.13-3.2.0/bin/../libs/zookeeper-3.6.3.jar:/users/sarah/development/cs-2022-us-3/kafka_2.13-3.2.0/bin/../libs/zookeeper-jute-3.6.3.jar:/users/sarah/development/cs-2022-us-3/kafka_2.13-3.2.0/bin/../libs/zstd-jni-1.5.2-1.jar (org.apache.zookeeper.server.ZooKeeperServer)
[2022-07-21 09:18:50,670] INFO Server environment:java.library.path=/Users/sarah/Library/Java/Extensions:/Library/Java/Extensions:/Network/Library/Java/Extensions:/System/Library/Java/Extensions:/usr/lib/java:. (org.apache.zookeeper.server.ZooKeeperServer)
[2022-07-21 09:18:50,670] INFO Server environment:java.io.tmpdir=/var/folders/xm/ww3zymns6q3f3s3rfvtktm0m0000gn/T/ (org.apache.zookeeper.server.ZooKeeperServer)
[2022-07-21 09:18:50,670] INFO Server environment:java.compiler=<NA> (org.apache.zookeeper.server.ZooKeeperServer)
[2022-07-21 09:18:50,670] INFO Server environment:os.name=Mac OS X (org.apache.zookeeper.server.ZooKeeperServer)
[2022-07-21 09:18:50,670] INFO Server environment:os.arch=x86_64 (org.apache.zookeeper.server.ZooKeeperServer)
[2022-07-21 09:18:50,670] INFO Server environment:os.version=10.16 (org.apache.zookeeper.server.ZooKeeperServer)
[2022-07-21 09:18:50,670] INFO Server environment:user.name=sarah (org.apache.zookeeper.server.ZooKeeperServer)
[2022-07-21 09:18:50,670] INFO Server environment:user.home=/Users/sarah (org.apache.zookeeper.server.ZooKeeperServer)
[2022-07-21 09:18:50,670] INFO Server environment:user.dir=/Users/sarah/development/cs-2022-us-3/kafka_2.13-3.2.0/bin (org.apache.zookeeper.server.ZooKeeperServer)
[2022-07-21 09:18:50,670] INFO Server environment:os.memory.free=491MB (org.apache.zookeeper.server.ZooKeeperServer)
[2022-07-21 09:18:50,670] INFO Server environment:os.memory.max=512MB (org.apache.zookeeper.server.ZooKeeperServer)
[2022-07-21 09:18:50,670] INFO Server environment:os.memory.total=512MB (org.apache.zookeeper.server.ZooKeeperServer)
[2022-07-21 09:18:50,670] INFO zookeeper.enableEagerACLCheck = false (org.apache.zookeeper.server.ZooKeeperServer)
[2022-07-21 09:18:50,670] INFO zookeeper.digest.enabled = true (org.apache.zookeeper.server.ZooKeeperServer)
[2022-07-21 09:18:50,670] INFO zookeeper.closeSessionTxn.enabled = true (org.apache.zookeeper.server.ZooKeeperServer)
[2022-07-21 09:18:50,671] INFO zookeeper.flushDelay=0 (org.apache.zookeeper.server.ZooKeeperServer)
[2022-07-21 09:18:50,671] INFO zookeeper.maxWriteQueuePollTime=0 (org.apache.zookeeper.server.ZooKeeperServer)
[2022-07-21 09:18:50,671] INFO zookeeper.maxBatchSize=1000 (org.apache.zookeeper.server.ZooKeeperServer)
[2022-07-21 09:18:50,671] INFO zookeeper.intBufferStartingSizeBytes = 1024 (org.apache.zookeeper.server.ZooKeeperServer)
[2022-07-21 09:18:50,672] INFO Weighed connection throttling is disabled (org.apache.zookeeper.server.BlueThrottle)
[2022-07-21 09:18:50,673] INFO minSessionTimeout set to 6000 (org.apache.zookeeper.server.ZooKeeperServer)
[2022-07-21 09:18:50,673] INFO maxSessionTimeout set to 60000 (org.apache.zookeeper.server.ZooKeeperServer)
[2022-07-21 09:18:50,673] INFO Response cache size is initialized with value 400. (org.apache.zookeeper.server.ResponseCache)
[2022-07-21 09:18:50,674] INFO Response cache size is initialized with value 400. (org.apache.zookeeper.server.ResponseCache)
[2022-07-21 09:18:50,674] INFO zookeeper.pathStats.slotCapacity = 60 (org.apache.zookeeper.server.util.RequestPathMetricsCollector)
[2022-07-21 09:18:50,674] INFO zookeeper.pathStats.slotDuration = 15 (org.apache.zookeeper.server.util.RequestPathMetricsCollector)
[2022-07-21 09:18:50,674] INFO zookeeper.pathStats.maxDepth = 6 (org.apache.zookeeper.server.util.RequestPathMetricsCollector)
[2022-07-21 09:18:50,674] INFO zookeeper.pathStats.initialDelay = 5 (org.apache.zookeeper.server.util.RequestPathMetricsCollector)
[2022-07-21 09:18:50,674] INFO zookeeper.pathStats.delay = 5 (org.apache.zookeeper.server.util.RequestPathMetricsCollector)
[2022-07-21 09:18:50,674] INFO zookeeper.pathStats.enabled = false (org.apache.zookeeper.server.util.RequestPathMetricsCollector)
[2022-07-21 09:18:50,678] INFO The max bytes for all large requests are set to 104857600 (org.apache.zookeeper.server.ZooKeeperServer)
[2022-07-21 09:18:50,679] INFO The large request threshold is set to -1 (org.apache.zookeeper.server.ZooKeeperServer)
[2022-07-21 09:18:50,679] INFO Created server with tickTime 3000 minSessionTimeout 6000 maxSessionTimeout 60000 clientPortListenBacklog -1 datadir /tmp/zookeeper/version-2 snapdir /tmp/zookeeper/version-2 (org.apache.zookeeper.server.ZooKeeperServer)
[2022-07-21 09:18:50,687] INFO Using org.apache.zookeeper.server.NIOServerCnxnFactory as server connection factory (org.apache.zookeeper.server.ServerCnxnFactory)
[2022-07-21 09:18:50,688] WARN maxCnxns is not configured, using default value 0. (org.apache.zookeeper.server.ServerCnxnFactory)
[2022-07-21 09:18:50,690] INFO Configuring NIO connection handler with 10s sessionless connection timeout, 2 selector thread(s), 16 worker threads, and 64 kB direct buffers. (org.apache.zookeeper.server.NIOServerCnxnFactory)
[2022-07-21 09:18:50,696] INFO binding to port 0.0.0.0/0.0.0.0:2181 (org.apache.zookeeper.server.NIOServerCnxnFactory)
[2022-07-21 09:18:50,714] INFO Using org.apache.zookeeper.server.watch.WatchManager as watch manager (org.apache.zookeeper.server.watch.WatchManagerFactory)
[2022-07-21 09:18:50,715] INFO Using org.apache.zookeeper.server.watch.WatchManager as watch manager (org.apache.zookeeper.server.watch.WatchManagerFactory)
[2022-07-21 09:18:50,717] INFO zookeeper.snapshotSizeFactor = 0.33 (org.apache.zookeeper.server.ZKDatabase)
[2022-07-21 09:18:50,717] INFO zookeeper.commitLogCount=500 (org.apache.zookeeper.server.ZKDatabase)
[2022-07-21 09:18:50,728] INFO zookeeper.snapshot.compression.method = CHECKED (org.apache.zookeeper.server.persistence.SnapStream)
[2022-07-21 09:18:50,728] INFO Snapshotting: 0x0 to /tmp/zookeeper/version-2/snapshot.0 (org.apache.zookeeper.server.persistence.FileTxnSnapLog)
[2022-07-21 09:18:50,751] INFO Snapshot loaded in 34 ms, highest zxid is 0x0, digest is 1371985504 (org.apache.zookeeper.server.ZKDatabase)
[2022-07-21 09:18:50,752] INFO Snapshotting: 0x0 to /tmp/zookeeper/version-2/snapshot.0 (org.apache.zookeeper.server.persistence.FileTxnSnapLog)
[2022-07-21 09:18:50,752] INFO Snapshot taken in 0 ms (org.apache.zookeeper.server.ZooKeeperServer)
[2022-07-21 09:18:50,767] INFO PrepRequestProcessor (sid:0) started, reconfigEnabled=false (org.apache.zookeeper.server.PrepRequestProcessor)
[2022-07-21 09:18:50,768] INFO zookeeper.request_throttler.shutdownTimeout = 10000 (org.apache.zookeeper.server.RequestThrottler)
[2022-07-21 09:18:50,807] INFO Using checkIntervalMs=60000 maxPerMinute=10000 maxNeverUsedIntervalMs=0 (org.apache.zookeeper.server.ContainerManager)
[2022-07-21 09:18:50,809] INFO ZooKeeper audit is disabled. (org.apache.zookeeper.audit.ZKAuditProvider)
[2022-07-21 09:25:19,733] INFO Registered kafka:type=kafka.Log4jController MBean (kafka.utils.Log4jControllerRegistration$)
[2022-07-21 09:25:20,041] INFO Setting -D jdk.tls.rejectClientInitiatedRenegotiation=true to disable client-initiated TLS renegotiation (org.apache.zookeeper.common.X509Util)
[2022-07-21 09:25:20,174] INFO Registered signal handlers for TERM, INT, HUP (org.apache.kafka.common.utils.LoggingSignalHandler)
[2022-07-21 09:25:20,181] INFO starting (kafka.server.KafkaServer)
[2022-07-21 09:25:20,182] INFO Connecting to zookeeper on localhost:2181 (kafka.server.KafkaServer)
[2022-07-21 09:25:20,192] INFO [ZooKeeperClient Kafka server] Initializing a new session to localhost:2181. (kafka.zookeeper.ZooKeeperClient)
[2022-07-21 09:25:20,196] INFO Client environment:zookeeper.version=3.6.3--6401e4ad2087061bc6b9f80dec2d69f2e3c8660a, built on 04/08/2021 16:35 GMT (org.apache.zookeeper.ZooKeeper)
[2022-07-21 09:25:20,196] INFO Client environment:host.name=localhost (org.apache.zookeeper.ZooKeeper)
[2022-07-21 09:25:20,196] INFO Client environment:java.version=11.0.10 (org.apache.zookeeper.ZooKeeper)
[2022-07-21 09:25:20,196] INFO Client environment:java.vendor=Oracle Corporation (org.apache.zookeeper.ZooKeeper)
[2022-07-21 09:25:20,196] INFO Client environment:java.home=/Library/Java/JavaVirtualMachines/jdk-11.0.10.jdk/Contents/Home (org.apache.zookeeper.ZooKeeper)
[2022-07-21 09:25:20,196] INFO Client environment:java.class.path=/users/sarah/development/cs-2022-us-3/kafka_2.13-3.2.0/bin/../libs/activation-1.1.1.jar:/users/sarah/development/cs-2022-us-3/kafka_2.13-3.2.0/bin/../libs/aopalliance-repackaged-2.6.1.jar:/users/sarah/development/cs-2022-us-3/kafka_2.13-3.2.0/bin/../libs/argparse4j-0.7.0.jar:/users/sarah/development/cs-2022-us-3/kafka_2.13-3.2.0/bin/../libs/audience-annotations-0.5.0.jar:/users/sarah/development/cs-2022-us-3/kafka_2.13-3.2.0/bin/../libs/commons-cli-1.4.jar:/users/sarah/development/cs-2022-us-3/kafka_2.13-3.2.0/bin/../libs/commons-lang3-3.8.1.jar:/users/sarah/development/cs-2022-us-3/kafka_2.13-3.2.0/bin/../libs/connect-api-3.2.0.jar:/users/sarah/development/cs-2022-us-3/kafka_2.13-3.2.0/bin/../libs/connect-basic-auth-extension-3.2.0.jar:/users/sarah/development/cs-2022-us-3/kafka_2.13-3.2.0/bin/../libs/connect-json-3.2.0.jar:/users/sarah/development/cs-2022-us-3/kafka_2.13-3.2.0/bin/../libs/connect-mirror-3.2.0.jar:/users/sarah/development/cs-2022-us-3/kafka_2.13-3.2.0/bin/../libs/connect-mirror-client-3.2.0.jar:/users/sarah/development/cs-2022-us-3/kafka_2.13-3.2.0/bin/../libs/connect-runtime-3.2.0.jar:/users/sarah/development/cs-2022-us-3/kafka_2.13-3.2.0/bin/../libs/connect-transforms-3.2.0.jar:/users/sarah/development/cs-2022-us-3/kafka_2.13-3.2.0/bin/../libs/hk2-api-2.6.1.jar:/users/sarah/development/cs-2022-us-3/kafka_2.13-3.2.0/bin/../libs/hk2-locator-2.6.1.jar:/users/sarah/development/cs-2022-us-3/kafka_2.13-3.2.0/bin/../libs/hk2-utils-2.6.1.jar:/users/sarah/development/cs-2022-us-3/kafka_2.13-3.2.0/bin/../libs/jackson-annotations-2.12.6.jar:/users/sarah/development/cs-2022-us-3/kafka_2.13-3.2.0/bin/../libs/jackson-core-2.12.6.jar:/users/sarah/development/cs-2022-us-3/kafka_2.13-3.2.0/bin/../libs/jackson-databind-2.12.6.1.jar:/users/sarah/development/cs-2022-us-3/kafka_2.13-3.2.0/bin/../libs/jackson-dataformat-csv-2.12.6.jar:/users/sarah/development/cs-2022-us-3/kafka_2.13-3.2.0/bin/../libs/jackson-datatype-jdk8-2.12.6.jar:/users/sarah/development/cs-2022-us-3/kafka_2.13-3.2.0/bin/../libs/jackson-jaxrs-base-2.12.6.jar:/users/sarah/development/cs-2022-us-3/kafka_2.13-3.2.0/bin/../libs/jackson-jaxrs-json-provider-2.12.6.jar:/users/sarah/development/cs-2022-us-3/kafka_2.13-3.2.0/bin/../libs/jackson-module-jaxb-annotations-2.12.6.jar:/users/sarah/development/cs-2022-us-3/kafka_2.13-3.2.0/bin/../libs/jackson-module-scala_2.13-2.12.6.jar:/users/sarah/development/cs-2022-us-3/kafka_2.13-3.2.0/bin/../libs/jakarta.activation-api-1.2.1.jar:/users/sarah/development/cs-2022-us-3/kafka_2.13-3.2.0/bin/../libs/jakarta.annotation-api-1.3.5.jar:/users/sarah/development/cs-2022-us-3/kafka_2.13-3.2.0/bin/../libs/jakarta.inject-2.6.1.jar:/users/sarah/development/cs-2022-us-3/kafka_2.13-3.2.0/bin/../libs/jakarta.validation-api-2.0.2.jar:/users/sarah/development/cs-2022-us-3/kafka_2.13-3.2.0/bin/../libs/jakarta.ws.rs-api-2.1.6.jar:/users/sarah/development/cs-2022-us-3/kafka_2.13-3.2.0/bin/../libs/jakarta.xml.bind-api-2.3.2.jar:/users/sarah/development/cs-2022-us-3/kafka_2.13-3.2.0/bin/../libs/javassist-3.27.0-GA.jar:/users/sarah/development/cs-2022-us-3/kafka_2.13-3.2.0/bin/../libs/javax.servlet-api-3.1.0.jar:/users/sarah/development/cs-2022-us-3/kafka_2.13-3.2.0/bin/../libs/javax.ws.rs-api-2.1.1.jar:/users/sarah/development/cs-2022-us-3/kafka_2.13-3.2.0/bin/../libs/jaxb-api-2.3.0.jar:/users/sarah/development/cs-2022-us-3/kafka_2.13-3.2.0/bin/../libs/jersey-client-2.34.jar:/users/sarah/development/cs-2022-us-3/kafka_2.13-3.2.0/bin/../libs/jersey-common-2.34.jar:/users/sarah/development/cs-2022-us-3/kafka_2.13-3.2.0/bin/../libs/jersey-container-servlet-2.34.jar:/users/sarah/development/cs-2022-us-3/kafka_2.13-3.2.0/bin/../libs/jersey-container-servlet-core-2.34.jar:/users/sarah/development/cs-2022-us-3/kafka_2.13-3.2.0/bin/../libs/jersey-hk2-2.34.jar:/users/sarah/development/cs-2022-us-3/kafka_2.13-3.2.0/bin/../libs/jersey-server-2.34.jar:/users/sarah/development/cs-2022-us-3/kafka_2.13-3.2.0/bin/../libs/jetty-client-9.4.44.v20210927.jar:/users/sarah/development/cs-2022-us-3/kafka_2.13-3.2.0/bin/../libs/jetty-continuation-9.4.44.v20210927.jar:/users/sarah/development/cs-2022-us-3/kafka_2.13-3.2.0/bin/../libs/jetty-http-9.4.44.v20210927.jar:/users/sarah/development/cs-2022-us-3/kafka_2.13-3.2.0/bin/../libs/jetty-io-9.4.44.v20210927.jar:/users/sarah/development/cs-2022-us-3/kafka_2.13-3.2.0/bin/../libs/jetty-security-9.4.44.v20210927.jar:/users/sarah/development/cs-2022-us-3/kafka_2.13-3.2.0/bin/../libs/jetty-server-9.4.44.v20210927.jar:/users/sarah/development/cs-2022-us-3/kafka_2.13-3.2.0/bin/../libs/jetty-servlet-9.4.44.v20210927.jar:/users/sarah/development/cs-2022-us-3/kafka_2.13-3.2.0/bin/../libs/jetty-servlets-9.4.44.v20210927.jar:/users/sarah/development/cs-2022-us-3/kafka_2.13-3.2.0/bin/../libs/jetty-util-9.4.44.v20210927.jar:/users/sarah/development/cs-2022-us-3/kafka_2.13-3.2.0/bin/../libs/jetty-util-ajax-9.4.44.v20210927.jar:/users/sarah/development/cs-2022-us-3/kafka_2.13-3.2.0/bin/../libs/jline-3.21.0.jar:/users/sarah/development/cs-2022-us-3/kafka_2.13-3.2.0/bin/../libs/jopt-simple-5.0.4.jar:/users/sarah/development/cs-2022-us-3/kafka_2.13-3.2.0/bin/../libs/jose4j-0.7.9.jar:/users/sarah/development/cs-2022-us-3/kafka_2.13-3.2.0/bin/../libs/kafka-clients-3.2.0.jar:/users/sarah/development/cs-2022-us-3/kafka_2.13-3.2.0/bin/../libs/kafka-log4j-appender-3.2.0.jar:/users/sarah/development/cs-2022-us-3/kafka_2.13-3.2.0/bin/../libs/kafka-metadata-3.2.0.jar:/users/sarah/development/cs-2022-us-3/kafka_2.13-3.2.0/bin/../libs/kafka-raft-3.2.0.jar:/users/sarah/development/cs-2022-us-3/kafka_2.13-3.2.0/bin/../libs/kafka-server-common-3.2.0.jar:/users/sarah/development/cs-2022-us-3/kafka_2.13-3.2.0/bin/../libs/kafka-shell-3.2.0.jar:/users/sarah/development/cs-2022-us-3/kafka_2.13-3.2.0/bin/../libs/kafka-storage-3.2.0.jar:/users/sarah/development/cs-2022-us-3/kafka_2.13-3.2.0/bin/../libs/kafka-storage-api-3.2.0.jar:/users/sarah/development/cs-2022-us-3/kafka_2.13-3.2.0/bin/../libs/kafka-streams-3.2.0.jar:/users/sarah/development/cs-2022-us-3/kafka_2.13-3.2.0/bin/../libs/kafka-streams-examples-3.2.0.jar:/users/sarah/development/cs-2022-us-3/kafka_2.13-3.2.0/bin/../libs/kafka-streams-scala_2.13-3.2.0.jar:/users/sarah/development/cs-2022-us-3/kafka_2.13-3.2.0/bin/../libs/kafka-streams-test-utils-3.2.0.jar:/users/sarah/development/cs-2022-us-3/kafka_2.13-3.2.0/bin/../libs/kafka-tools-3.2.0.jar:/users/sarah/development/cs-2022-us-3/kafka_2.13-3.2.0/bin/../libs/kafka_2.13-3.2.0.jar:/users/sarah/development/cs-2022-us-3/kafka_2.13-3.2.0/bin/../libs/lz4-java-1.8.0.jar:/users/sarah/development/cs-2022-us-3/kafka_2.13-3.2.0/bin/../libs/maven-artifact-3.8.4.jar:/users/sarah/development/cs-2022-us-3/kafka_2.13-3.2.0/bin/../libs/metrics-core-2.2.0.jar:/users/sarah/development/cs-2022-us-3/kafka_2.13-3.2.0/bin/../libs/metrics-core-4.1.12.1.jar:/users/sarah/development/cs-2022-us-3/kafka_2.13-3.2.0/bin/../libs/netty-buffer-4.1.73.Final.jar:/users/sarah/development/cs-2022-us-3/kafka_2.13-3.2.0/bin/../libs/netty-codec-4.1.73.Final.jar:/users/sarah/development/cs-2022-us-3/kafka_2.13-3.2.0/bin/../libs/netty-common-4.1.73.Final.jar:/users/sarah/development/cs-2022-us-3/kafka_2.13-3.2.0/bin/../libs/netty-handler-4.1.73.Final.jar:/users/sarah/development/cs-2022-us-3/kafka_2.13-3.2.0/bin/../libs/netty-resolver-4.1.73.Final.jar:/users/sarah/development/cs-2022-us-3/kafka_2.13-3.2.0/bin/../libs/netty-tcnative-classes-2.0.46.Final.jar:/users/sarah/development/cs-2022-us-3/kafka_2.13-3.2.0/bin/../libs/netty-transport-4.1.73.Final.jar:/users/sarah/development/cs-2022-us-3/kafka_2.13-3.2.0/bin/../libs/netty-transport-classes-epoll-4.1.73.Final.jar:/users/sarah/development/cs-2022-us-3/kafka_2.13-3.2.0/bin/../libs/netty-transport-native-epoll-4.1.73.Final.jar:/users/sarah/development/cs-2022-us-3/kafka_2.13-3.2.0/bin/../libs/netty-transport-native-unix-common-4.1.73.Final.jar:/users/sarah/development/cs-2022-us-3/kafka_2.13-3.2.0/bin/../libs/osgi-resource-locator-1.0.3.jar:/users/sarah/development/cs-2022-us-3/kafka_2.13-3.2.0/bin/../libs/paranamer-2.8.jar:/users/sarah/development/cs-2022-us-3/kafka_2.13-3.2.0/bin/../libs/plexus-utils-3.3.0.jar:/users/sarah/development/cs-2022-us-3/kafka_2.13-3.2.0/bin/../libs/reflections-0.9.12.jar:/users/sarah/development/cs-2022-us-3/kafka_2.13-3.2.0/bin/../libs/reload4j-1.2.19.jar:/users/sarah/development/cs-2022-us-3/kafka_2.13-3.2.0/bin/../libs/rocksdbjni-6.29.4.1.jar:/users/sarah/development/cs-2022-us-3/kafka_2.13-3.2.0/bin/../libs/scala-collection-compat_2.13-2.6.0.jar:/users/sarah/development/cs-2022-us-3/kafka_2.13-3.2.0/bin/../libs/scala-java8-compat_2.13-1.0.2.jar:/users/sarah/development/cs-2022-us-3/kafka_2.13-3.2.0/bin/../libs/scala-library-2.13.8.jar:/users/sarah/development/cs-2022-us-3/kafka_2.13-3.2.0/bin/../libs/scala-logging_2.13-3.9.4.jar:/users/sarah/development/cs-2022-us-3/kafka_2.13-3.2.0/bin/../libs/scala-reflect-2.13.8.jar:/users/sarah/development/cs-2022-us-3/kafka_2.13-3.2.0/bin/../libs/slf4j-api-1.7.36.jar:/users/sarah/development/cs-2022-us-3/kafka_2.13-3.2.0/bin/../libs/slf4j-reload4j-1.7.36.jar:/users/sarah/development/cs-2022-us-3/kafka_2.13-3.2.0/bin/../libs/snappy-java-1.1.8.4.jar:/users/sarah/development/cs-2022-us-3/kafka_2.13-3.2.0/bin/../libs/trogdor-3.2.0.jar:/users/sarah/development/cs-2022-us-3/kafka_2.13-3.2.0/bin/../libs/zookeeper-3.6.3.jar:/users/sarah/development/cs-2022-us-3/kafka_2.13-3.2.0/bin/../libs/zookeeper-jute-3.6.3.jar:/users/sarah/development/cs-2022-us-3/kafka_2.13-3.2.0/bin/../libs/zstd-jni-1.5.2-1.jar (org.apache.zookeeper.ZooKeeper)
[2022-07-21 09:25:20,197] INFO Client environment:java.library.path=/Users/sarah/Library/Java/Extensions:/Library/Java/Extensions:/Network/Library/Java/Extensions:/System/Library/Java/Extensions:/usr/lib/java:. (org.apache.zookeeper.ZooKeeper)
[2022-07-21 09:25:20,197] INFO Client environment:java.io.tmpdir=/var/folders/xm/ww3zymns6q3f3s3rfvtktm0m0000gn/T/ (org.apache.zookeeper.ZooKeeper)
[2022-07-21 09:25:20,197] INFO Client environment:java.compiler=<NA> (org.apache.zookeeper.ZooKeeper)
[2022-07-21 09:25:20,197] INFO Client environment:os.name=Mac OS X (org.apache.zookeeper.ZooKeeper)
[2022-07-21 09:25:20,197] INFO Client environment:os.arch=x86_64 (org.apache.zookeeper.ZooKeeper)
[2022-07-21 09:25:20,197] INFO Client environment:os.version=10.16 (org.apache.zookeeper.ZooKeeper)
[2022-07-21 09:25:20,198] INFO Client environment:user.name=sarah (org.apache.zookeeper.ZooKeeper)
[2022-07-21 09:25:20,198] INFO Client environment:user.home=/Users/sarah (org.apache.zookeeper.ZooKeeper)
[2022-07-21 09:25:20,198] INFO Client environment:user.dir=/Users/sarah/development/cs-2022-us-3/kafka_2.13-3.2.0/bin (org.apache.zookeeper.ZooKeeper)
[2022-07-21 09:25:20,198] INFO Client environment:os.memory.free=1009MB (org.apache.zookeeper.ZooKeeper)
[2022-07-21 09:25:20,198] INFO Client environment:os.memory.max=1024MB (org.apache.zookeeper.ZooKeeper)
[2022-07-21 09:25:20,198] INFO Client environment:os.memory.total=1024MB (org.apache.zookeeper.ZooKeeper)
[2022-07-21 09:25:20,199] INFO Initiating client connection, connectString=localhost:2181 sessionTimeout=18000 watcher=kafka.zookeeper.ZooKeeperClient$ZooKeeperClientWatcher$@3243b914 (org.apache.zookeeper.ZooKeeper)
[2022-07-21 09:25:20,204] INFO jute.maxbuffer value is 4194304 Bytes (org.apache.zookeeper.ClientCnxnSocket)
[2022-07-21 09:25:20,208] INFO zookeeper.request.timeout value is 0. feature enabled=false (org.apache.zookeeper.ClientCnxn)
[2022-07-21 09:25:20,216] INFO [ZooKeeperClient Kafka server] Waiting until connected. (kafka.zookeeper.ZooKeeperClient)
[2022-07-21 09:25:20,221] INFO Opening socket connection to server localhost/0:0:0:0:0:0:0:1:2181. (org.apache.zookeeper.ClientCnxn)
[2022-07-21 09:25:20,229] INFO Socket connection established, initiating session, client: /0:0:0:0:0:0:0:1:53149, server: localhost/0:0:0:0:0:0:0:1:2181 (org.apache.zookeeper.ClientCnxn)
[2022-07-21 09:25:20,246] INFO Creating new log file: log.1 (org.apache.zookeeper.server.persistence.FileTxnLog)
[2022-07-21 09:25:20,282] INFO Session establishment complete on server localhost/0:0:0:0:0:0:0:1:2181, session id = 0x100014744e30000, negotiated timeout = 18000 (org.apache.zookeeper.ClientCnxn)
[2022-07-21 09:25:20,286] INFO [ZooKeeperClient Kafka server] Connected. (kafka.zookeeper.ZooKeeperClient)
[2022-07-21 09:25:20,806] INFO [feature-zk-node-event-process-thread]: Starting (kafka.server.FinalizedFeatureChangeListener$ChangeNotificationProcessorThread)
[2022-07-21 09:25:20,826] INFO Feature ZK node at path: /feature does not exist (kafka.server.FinalizedFeatureChangeListener)
[2022-07-21 09:25:20,828] INFO Cleared cache (kafka.server.FinalizedFeatureCache)
[2022-07-21 09:25:21,010] INFO Cluster ID = u8_jLThoQkGqaeI27Cj_4w (kafka.server.KafkaServer)
[2022-07-21 09:25:21,015] WARN No meta.properties file under dir /tmp/kafka-logs/meta.properties (kafka.server.BrokerMetadataCheckpoint)
[2022-07-21 09:25:21,073] INFO KafkaConfig values: 
	advertised.listeners = null
	alter.config.policy.class.name = null
	alter.log.dirs.replication.quota.window.num = 11
	alter.log.dirs.replication.quota.window.size.seconds = 1
	authorizer.class.name = 
	auto.create.topics.enable = true
	auto.leader.rebalance.enable = true
	background.threads = 10
	broker.heartbeat.interval.ms = 2000
	broker.id = 0
	broker.id.generation.enable = true
	broker.rack = null
	broker.session.timeout.ms = 9000
	client.quota.callback.class = null
	compression.type = producer
	connection.failed.authentication.delay.ms = 100
	connections.max.idle.ms = 600000
	connections.max.reauth.ms = 0
	control.plane.listener.name = null
	controlled.shutdown.enable = true
	controlled.shutdown.max.retries = 3
	controlled.shutdown.retry.backoff.ms = 5000
	controller.listener.names = null
	controller.quorum.append.linger.ms = 25
	controller.quorum.election.backoff.max.ms = 1000
	controller.quorum.election.timeout.ms = 1000
	controller.quorum.fetch.timeout.ms = 2000
	controller.quorum.request.timeout.ms = 2000
	controller.quorum.retry.backoff.ms = 20
	controller.quorum.voters = []
	controller.quota.window.num = 11
	controller.quota.window.size.seconds = 1
	controller.socket.timeout.ms = 30000
	create.topic.policy.class.name = null
	default.replication.factor = 1
	delegation.token.expiry.check.interval.ms = 3600000
	delegation.token.expiry.time.ms = 86400000
	delegation.token.master.key = null
	delegation.token.max.lifetime.ms = 604800000
	delegation.token.secret.key = null
	delete.records.purgatory.purge.interval.requests = 1
	delete.topic.enable = true
	fetch.max.bytes = 57671680
	fetch.purgatory.purge.interval.requests = 1000
	group.initial.rebalance.delay.ms = 0
	group.max.session.timeout.ms = 1800000
	group.max.size = 2147483647
	group.min.session.timeout.ms = 6000
	initial.broker.registration.timeout.ms = 60000
	inter.broker.listener.name = null
	inter.broker.protocol.version = 3.2-IV0
	kafka.metrics.polling.interval.secs = 10
	kafka.metrics.reporters = []
	leader.imbalance.check.interval.seconds = 300
	leader.imbalance.per.broker.percentage = 10
	listener.security.protocol.map = PLAINTEXT:PLAINTEXT,SSL:SSL,SASL_PLAINTEXT:SASL_PLAINTEXT,SASL_SSL:SASL_SSL
	listeners = PLAINTEXT://:9092
	log.cleaner.backoff.ms = 15000
	log.cleaner.dedupe.buffer.size = 134217728
	log.cleaner.delete.retention.ms = 86400000
	log.cleaner.enable = true
	log.cleaner.io.buffer.load.factor = 0.9
	log.cleaner.io.buffer.size = 524288
	log.cleaner.io.max.bytes.per.second = 1.7976931348623157E308
	log.cleaner.max.compaction.lag.ms = 9223372036854775807
	log.cleaner.min.cleanable.ratio = 0.5
	log.cleaner.min.compaction.lag.ms = 0
	log.cleaner.threads = 1
	log.cleanup.policy = [delete]
	log.dir = /tmp/kafka-logs
	log.dirs = /tmp/kafka-logs
	log.flush.interval.messages = 9223372036854775807
	log.flush.interval.ms = null
	log.flush.offset.checkpoint.interval.ms = 60000
	log.flush.scheduler.interval.ms = 9223372036854775807
	log.flush.start.offset.checkpoint.interval.ms = 60000
	log.index.interval.bytes = 4096
	log.index.size.max.bytes = 10485760
	log.message.downconversion.enable = true
	log.message.format.version = 3.0-IV1
	log.message.timestamp.difference.max.ms = 9223372036854775807
	log.message.timestamp.type = CreateTime
	log.preallocate = false
	log.retention.bytes = -1
	log.retention.check.interval.ms = 300000
	log.retention.hours = 168
	log.retention.minutes = null
	log.retention.ms = null
	log.roll.hours = 168
	log.roll.jitter.hours = 0
	log.roll.jitter.ms = null
	log.roll.ms = null
	log.segment.bytes = 1073741824
	log.segment.delete.delay.ms = 60000
	max.connection.creation.rate = 2147483647
	max.connections = 2147483647
	max.connections.per.ip = 2147483647
	max.connections.per.ip.overrides = 
	max.incremental.fetch.session.cache.slots = 1000
	message.max.bytes = 1048588
	metadata.log.dir = null
	metadata.log.max.record.bytes.between.snapshots = 20971520
	metadata.log.segment.bytes = 1073741824
	metadata.log.segment.min.bytes = 8388608
	metadata.log.segment.ms = 604800000
	metadata.max.retention.bytes = -1
	metadata.max.retention.ms = 604800000
	metric.reporters = []
	metrics.num.samples = 2
	metrics.recording.level = INFO
	metrics.sample.window.ms = 30000
	min.insync.replicas = 1
	node.id = 0
	num.io.threads = 8
	num.network.threads = 3
	num.partitions = 1
	num.recovery.threads.per.data.dir = 1
	num.replica.alter.log.dirs.threads = null
	num.replica.fetchers = 1
	offset.metadata.max.bytes = 4096
	offsets.commit.required.acks = -1
	offsets.commit.timeout.ms = 5000
	offsets.load.buffer.size = 5242880
	offsets.retention.check.interval.ms = 600000
	offsets.retention.minutes = 10080
	offsets.topic.compression.codec = 0
	offsets.topic.num.partitions = 50
	offsets.topic.replication.factor = 1
	offsets.topic.segment.bytes = 104857600
	password.encoder.cipher.algorithm = AES/CBC/PKCS5Padding
	password.encoder.iterations = 4096
	password.encoder.key.length = 128
	password.encoder.keyfactory.algorithm = null
	password.encoder.old.secret = null
	password.encoder.secret = null
	principal.builder.class = class org.apache.kafka.common.security.authenticator.DefaultKafkaPrincipalBuilder
	process.roles = []
	producer.purgatory.purge.interval.requests = 1000
	queued.max.request.bytes = -1
	queued.max.requests = 500
	quota.window.num = 11
	quota.window.size.seconds = 1
	remote.log.index.file.cache.total.size.bytes = 1073741824
	remote.log.manager.task.interval.ms = 30000
	remote.log.manager.task.retry.backoff.max.ms = 30000
	remote.log.manager.task.retry.backoff.ms = 500
	remote.log.manager.task.retry.jitter = 0.2
	remote.log.manager.thread.pool.size = 10
	remote.log.metadata.manager.class.name = null
	remote.log.metadata.manager.class.path = null
	remote.log.metadata.manager.impl.prefix = null
	remote.log.metadata.manager.listener.name = null
	remote.log.reader.max.pending.tasks = 100
	remote.log.reader.threads = 10
	remote.log.storage.manager.class.name = null
	remote.log.storage.manager.class.path = null
	remote.log.storage.manager.impl.prefix = null
	remote.log.storage.system.enable = false
	replica.fetch.backoff.ms = 1000
	replica.fetch.max.bytes = 1048576
	replica.fetch.min.bytes = 1
	replica.fetch.response.max.bytes = 10485760
	replica.fetch.wait.max.ms = 500
	replica.high.watermark.checkpoint.interval.ms = 5000
	replica.lag.time.max.ms = 30000
	replica.selector.class = null
	replica.socket.receive.buffer.bytes = 65536
	replica.socket.timeout.ms = 30000
	replication.quota.window.num = 11
	replication.quota.window.size.seconds = 1
	request.timeout.ms = 30000
	reserved.broker.max.id = 1000
	sasl.client.callback.handler.class = null
	sasl.enabled.mechanisms = [GSSAPI]
	sasl.jaas.config = null
	sasl.kerberos.kinit.cmd = /usr/bin/kinit
	sasl.kerberos.min.time.before.relogin = 60000
	sasl.kerberos.principal.to.local.rules = [DEFAULT]
	sasl.kerberos.service.name = null
	sasl.kerberos.ticket.renew.jitter = 0.05
	sasl.kerberos.ticket.renew.window.factor = 0.8
	sasl.login.callback.handler.class = null
	sasl.login.class = null
	sasl.login.connect.timeout.ms = null
	sasl.login.read.timeout.ms = null
	sasl.login.refresh.buffer.seconds = 300
	sasl.login.refresh.min.period.seconds = 60
	sasl.login.refresh.window.factor = 0.8
	sasl.login.refresh.window.jitter = 0.05
	sasl.login.retry.backoff.max.ms = 10000
	sasl.login.retry.backoff.ms = 100
	sasl.mechanism.controller.protocol = GSSAPI
	sasl.mechanism.inter.broker.protocol = GSSAPI
	sasl.oauthbearer.clock.skew.seconds = 30
	sasl.oauthbearer.expected.audience = null
	sasl.oauthbearer.expected.issuer = null
	sasl.oauthbearer.jwks.endpoint.refresh.ms = 3600000
	sasl.oauthbearer.jwks.endpoint.retry.backoff.max.ms = 10000
	sasl.oauthbearer.jwks.endpoint.retry.backoff.ms = 100
	sasl.oauthbearer.jwks.endpoint.url = null
	sasl.oauthbearer.scope.claim.name = scope
	sasl.oauthbearer.sub.claim.name = sub
	sasl.oauthbearer.token.endpoint.url = null
	sasl.server.callback.handler.class = null
	security.inter.broker.protocol = PLAINTEXT
	security.providers = null
	socket.connection.setup.timeout.max.ms = 30000
	socket.connection.setup.timeout.ms = 10000
	socket.listen.backlog.size = 50
	socket.receive.buffer.bytes = 102400
	socket.request.max.bytes = 104857600
	socket.send.buffer.bytes = 102400
	ssl.cipher.suites = []
	ssl.client.auth = none
	ssl.enabled.protocols = [TLSv1.2, TLSv1.3]
	ssl.endpoint.identification.algorithm = https
	ssl.engine.factory.class = null
	ssl.key.password = null
	ssl.keymanager.algorithm = SunX509
	ssl.keystore.certificate.chain = null
	ssl.keystore.key = null
	ssl.keystore.location = null
	ssl.keystore.password = null
	ssl.keystore.type = JKS
	ssl.principal.mapping.rules = DEFAULT
	ssl.protocol = TLSv1.3
	ssl.provider = null
	ssl.secure.random.implementation = null
	ssl.trustmanager.algorithm = PKIX
	ssl.truststore.certificates = null
	ssl.truststore.location = null
	ssl.truststore.password = null
	ssl.truststore.type = JKS
	transaction.abort.timed.out.transaction.cleanup.interval.ms = 10000
	transaction.max.timeout.ms = 900000
	transaction.remove.expired.transaction.cleanup.interval.ms = 3600000
	transaction.state.log.load.buffer.size = 5242880
	transaction.state.log.min.isr = 1
	transaction.state.log.num.partitions = 50
	transaction.state.log.replication.factor = 1
	transaction.state.log.segment.bytes = 104857600
	transactional.id.expiration.ms = 604800000
	unclean.leader.election.enable = false
	zookeeper.clientCnxnSocket = null
	zookeeper.connect = localhost:2181
	zookeeper.connection.timeout.ms = 18000
	zookeeper.max.in.flight.requests = 10
	zookeeper.session.timeout.ms = 18000
	zookeeper.set.acl = false
	zookeeper.ssl.cipher.suites = null
	zookeeper.ssl.client.enable = false
	zookeeper.ssl.crl.enable = false
	zookeeper.ssl.enabled.protocols = null
	zookeeper.ssl.endpoint.identification.algorithm = HTTPS
	zookeeper.ssl.keystore.location = null
	zookeeper.ssl.keystore.password = null
	zookeeper.ssl.keystore.type = null
	zookeeper.ssl.ocsp.enable = false
	zookeeper.ssl.protocol = TLSv1.2
	zookeeper.ssl.truststore.location = null
	zookeeper.ssl.truststore.password = null
	zookeeper.ssl.truststore.type = null
 (kafka.server.KafkaConfig)
[2022-07-21 09:25:21,126] INFO [ThrottledChannelReaper-Fetch]: Starting (kafka.server.ClientQuotaManager$ThrottledChannelReaper)
[2022-07-21 09:25:21,127] INFO [ThrottledChannelReaper-Produce]: Starting (kafka.server.ClientQuotaManager$ThrottledChannelReaper)
[2022-07-21 09:25:21,130] INFO [ThrottledChannelReaper-Request]: Starting (kafka.server.ClientQuotaManager$ThrottledChannelReaper)
[2022-07-21 09:25:21,132] INFO [ThrottledChannelReaper-ControllerMutation]: Starting (kafka.server.ClientQuotaManager$ThrottledChannelReaper)
[2022-07-21 09:25:21,153] INFO Log directory /tmp/kafka-logs not found, creating it. (kafka.log.LogManager)
[2022-07-21 09:25:21,199] INFO Loading logs from log dirs ArraySeq(/tmp/kafka-logs) (kafka.log.LogManager)
[2022-07-21 09:25:21,201] INFO Attempting recovery for all logs in /tmp/kafka-logs since no clean shutdown file was found (kafka.log.LogManager)
[2022-07-21 09:25:21,205] INFO Loaded 0 logs in 7ms. (kafka.log.LogManager)
[2022-07-21 09:25:21,206] INFO Starting log cleanup with a period of 300000 ms. (kafka.log.LogManager)
[2022-07-21 09:25:21,210] INFO Starting log flusher with a default period of 9223372036854775807 ms. (kafka.log.LogManager)
[2022-07-21 09:25:21,490] INFO [BrokerToControllerChannelManager broker=0 name=forwarding]: Starting (kafka.server.BrokerToControllerRequestThread)
[2022-07-21 09:25:21,785] INFO Updated connection-accept-rate max connection creation rate to 2147483647 (kafka.network.ConnectionQuotas)
[2022-07-21 09:25:21,788] INFO Awaiting socket connections on 0.0.0.0:9092. (kafka.network.DataPlaneAcceptor)
[2022-07-21 09:25:21,826] INFO [SocketServer listenerType=ZK_BROKER, nodeId=0] Created data-plane acceptor and processors for endpoint : ListenerName(PLAINTEXT) (kafka.network.SocketServer)
[2022-07-21 09:25:21,844] INFO [BrokerToControllerChannelManager broker=0 name=alterPartition]: Starting (kafka.server.BrokerToControllerRequestThread)
[2022-07-21 09:25:21,866] INFO [ExpirationReaper-0-Produce]: Starting (kafka.server.DelayedOperationPurgatory$ExpiredOperationReaper)
[2022-07-21 09:25:21,868] INFO [ExpirationReaper-0-Fetch]: Starting (kafka.server.DelayedOperationPurgatory$ExpiredOperationReaper)
[2022-07-21 09:25:21,869] INFO [ExpirationReaper-0-DeleteRecords]: Starting (kafka.server.DelayedOperationPurgatory$ExpiredOperationReaper)
[2022-07-21 09:25:21,870] INFO [ExpirationReaper-0-ElectLeader]: Starting (kafka.server.DelayedOperationPurgatory$ExpiredOperationReaper)
[2022-07-21 09:25:21,889] INFO [LogDirFailureHandler]: Starting (kafka.server.ReplicaManager$LogDirFailureHandler)
[2022-07-21 09:25:21,956] INFO Creating /brokers/ids/0 (is it secure? false) (kafka.zk.KafkaZkClient)
[2022-07-21 09:25:21,998] INFO Stat of the created znode at /brokers/ids/0 is: 25,25,1658409921969,1658409921969,1,0,0,72058999647961088,202,0,25
 (kafka.zk.KafkaZkClient)
[2022-07-21 09:25:22,000] INFO Registered broker 0 at path /brokers/ids/0 with addresses: PLAINTEXT://localhost:9092, czxid (broker epoch): 25 (kafka.zk.KafkaZkClient)
[2022-07-21 09:25:22,080] INFO [ExpirationReaper-0-topic]: Starting (kafka.server.DelayedOperationPurgatory$ExpiredOperationReaper)
[2022-07-21 09:25:22,087] INFO [ExpirationReaper-0-Heartbeat]: Starting (kafka.server.DelayedOperationPurgatory$ExpiredOperationReaper)
[2022-07-21 09:25:22,089] INFO [ExpirationReaper-0-Rebalance]: Starting (kafka.server.DelayedOperationPurgatory$ExpiredOperationReaper)
[2022-07-21 09:25:22,101] INFO [GroupCoordinator 0]: Starting up. (kafka.coordinator.group.GroupCoordinator)
[2022-07-21 09:25:22,107] INFO Successfully created /controller_epoch with initial epoch 0 (kafka.zk.KafkaZkClient)
[2022-07-21 09:25:22,112] INFO [GroupCoordinator 0]: Startup complete. (kafka.coordinator.group.GroupCoordinator)
[2022-07-21 09:25:22,145] INFO [TransactionCoordinator id=0] Starting up. (kafka.coordinator.transaction.TransactionCoordinator)
[2022-07-21 09:25:22,162] INFO Feature ZK node created at path: /feature (kafka.server.FinalizedFeatureChangeListener)
[2022-07-21 09:25:22,167] INFO [Transaction Marker Channel Manager 0]: Starting (kafka.coordinator.transaction.TransactionMarkerChannelManager)
[2022-07-21 09:25:22,168] INFO [TransactionCoordinator id=0] Startup complete. (kafka.coordinator.transaction.TransactionCoordinator)
[2022-07-21 09:25:22,188] INFO Updated cache from existing <empty> to latest FinalizedFeaturesAndEpoch(features=Features{}, epoch=0). (kafka.server.FinalizedFeatureCache)
[2022-07-21 09:25:22,197] INFO [ExpirationReaper-0-AlterAcls]: Starting (kafka.server.DelayedOperationPurgatory$ExpiredOperationReaper)
[2022-07-21 09:25:22,215] INFO [/config/changes-event-process-thread]: Starting (kafka.common.ZkNodeChangeNotificationListener$ChangeEventProcessThread)
[2022-07-21 09:25:22,236] INFO [SocketServer listenerType=ZK_BROKER, nodeId=0] Starting socket server acceptors and processors (kafka.network.SocketServer)
[2022-07-21 09:25:22,242] INFO [SocketServer listenerType=ZK_BROKER, nodeId=0] Started data-plane acceptor and processor(s) for endpoint : ListenerName(PLAINTEXT) (kafka.network.SocketServer)
[2022-07-21 09:25:22,243] INFO [SocketServer listenerType=ZK_BROKER, nodeId=0] Started socket server acceptors and processors (kafka.network.SocketServer)
[2022-07-21 09:25:22,261] INFO Kafka version: 3.2.0 (org.apache.kafka.common.utils.AppInfoParser)
[2022-07-21 09:25:22,261] INFO Kafka commitId: 38103ffaa962ef50 (org.apache.kafka.common.utils.AppInfoParser)
[2022-07-21 09:25:22,261] INFO Kafka startTimeMs: 1658409922243 (org.apache.kafka.common.utils.AppInfoParser)
[2022-07-21 09:25:22,263] INFO [KafkaServer id=0] started (kafka.server.KafkaServer)
[2022-07-21 09:25:22,377] INFO [BrokerToControllerChannelManager broker=0 name=forwarding]: Recorded new controller, from now on will use broker localhost:9092 (id: 0 rack: null) (kafka.server.BrokerToControllerRequestThread)
[2022-07-21 09:25:22,454] INFO [BrokerToControllerChannelManager broker=0 name=alterPartition]: Recorded new controller, from now on will use broker localhost:9092 (id: 0 rack: null) (kafka.server.BrokerToControllerRequestThread)
[2022-07-21 09:28:53,574] INFO Creating topic RFQDecorator with configuration {} and initial partition assignment HashMap(0 -> ArrayBuffer(0)) (kafka.zk.AdminZkClient)
[2022-07-21 09:28:53,795] INFO [ReplicaFetcherManager on broker 0] Removed fetcher for partitions Set(RFQDecorator-0) (kafka.server.ReplicaFetcherManager)
[2022-07-21 09:28:53,848] INFO [LogLoader partition=RFQDecorator-0, dir=/tmp/kafka-logs] Loading producer state till offset 0 with message format version 2 (kafka.log.UnifiedLog$)
[2022-07-21 09:28:53,864] INFO Created log for partition RFQDecorator-0 in /tmp/kafka-logs/RFQDecorator-0 with properties {} (kafka.log.LogManager)
[2022-07-21 09:28:53,878] INFO [Partition RFQDecorator-0 broker=0] No checkpointed highwatermark is found for partition RFQDecorator-0 (kafka.cluster.Partition)
[2022-07-21 09:28:53,880] INFO [Partition RFQDecorator-0 broker=0] Log loaded for partition RFQDecorator-0 with initial high watermark 0 (kafka.cluster.Partition)
